<?xml version="1.0" encoding="UTF-8"?>
<!-- Generated by org.testng.reporters.JUnitReportReporter -->
<testsuite hostname="Dell-PC" name="com.zinghr.login.index.LoginIndex" tests="1" failures="0" timestamp="5 Nov 2015 09:59:52 GMT" time="47.419" errors="0">
  <testcase name="purchaseFreeCourseForMySelfFunctionality" time="47.419" classname="com.zinghr.login.index.LoginIndex"/>
</testsuite> <!-- com.zinghr.login.index.LoginIndex -->
