<?xml version="1.0" encoding="UTF-8"?>
<!-- Generated by org.testng.reporters.JUnitReportReporter -->
<testsuite hostname="Dell-PC" name="com.zinghr.login.index.LoginIndex" tests="1" failures="0" timestamp="5 Nov 2015 09:56:12 GMT" time="37.382" errors="0">
  <testcase name="purchaseFreeCourseForMySelfFunctionality" time="37.382" classname="com.zinghr.login.index.LoginIndex"/>
</testsuite> <!-- com.zinghr.login.index.LoginIndex -->
