<?xml version="1.0" encoding="UTF-8"?>
<!-- Generated by org.testng.reporters.JUnitReportReporter -->
<testsuite hostname="HP" name="com.zinghr.signup.index.SignupIndex" tests="21" failures="0" timestamp="17 Nov 2015 10:04:48 GMT" time="818.473" errors="0">
  <testcase name="displaynameField1" time="41.801" classname="com.zinghr.signup.index.SignupIndex"/>
  <testcase name="contactNumField1" time="40.836" classname="com.zinghr.signup.index.SignupIndex"/>
  <testcase name="activationPage" time="39.613" classname="com.zinghr.signup.index.SignupIndex"/>
  <testcase name="displaynameField2" time="39.910" classname="com.zinghr.signup.index.SignupIndex"/>
  <testcase name="contactNumField3" time="39.357" classname="com.zinghr.signup.index.SignupIndex"/>
  <testcase name="companynameField3" time="40.659" classname="com.zinghr.signup.index.SignupIndex"/>
  <testcase name="companynameField2" time="40.767" classname="com.zinghr.signup.index.SignupIndex"/>
  <testcase name="emailidField1" time="42.363" classname="com.zinghr.signup.index.SignupIndex"/>
  <testcase name="emailidField2" time="42.356" classname="com.zinghr.signup.index.SignupIndex"/>
  <testcase name="SignUpPage" time="22.122" classname="com.zinghr.signup.index.SignupIndex"/>
  <testcase name="selectCountry" time="37.547" classname="com.zinghr.signup.index.SignupIndex"/>
  <testcase name="checkbox" time="39.327" classname="com.zinghr.signup.index.SignupIndex"/>
  <testcase name="companynameField4" time="38.243" classname="com.zinghr.signup.index.SignupIndex"/>
  <testcase name="displaynameField3" time="39.456" classname="com.zinghr.signup.index.SignupIndex"/>
  <testcase name="termsAndprivacy" time="31.206" classname="com.zinghr.signup.index.SignupIndex"/>
  <testcase name="contactNumField2" time="41.132" classname="com.zinghr.signup.index.SignupIndex"/>
  <testcase name="emailidField3" time="42.304" classname="com.zinghr.signup.index.SignupIndex"/>
  <testcase name="companynameField1" time="40.270" classname="com.zinghr.signup.index.SignupIndex"/>
  <testcase name="contactNumField4" time="37.202" classname="com.zinghr.signup.index.SignupIndex"/>
  <testcase name="SignUpSuccessfully" time="41.750" classname="com.zinghr.signup.index.SignupIndex"/>
  <testcase name="selectNoCountry" time="40.252" classname="com.zinghr.signup.index.SignupIndex"/>
</testsuite> <!-- com.zinghr.signup.index.SignupIndex -->
