<?xml version="1.0" encoding="UTF-8"?>
<!-- Generated by org.testng.reporters.JUnitReportReporter -->
<testsuite hostname="KQSPL-R" name="com.zinghr.login.index.LoginIndex" tests="2" failures="0" timestamp="7 Nov 2015 09:12:57 GMT" time="71.269" errors="0">
  <testcase name="loginwithvalidcredential" time="38.272" classname="com.zinghr.login.index.LoginIndex"/>
  <testcase name="loginlandingpage" time="32.997" classname="com.zinghr.login.index.LoginIndex"/>
</testsuite> <!-- com.zinghr.login.index.LoginIndex -->
