<?xml version="1.0" encoding="UTF-8"?>
<!-- Generated by org.testng.reporters.JUnitReportReporter -->
<testsuite hostname="KQSPL-R" name="com.zinghr.login.index.LoginIndex" tests="2" failures="0" timestamp="7 Nov 2015 09:35:59 GMT" time="66.404" errors="0">
  <testcase name="loginlandingpage" time="23.871" classname="com.zinghr.login.index.LoginIndex"/>
  <testcase name="loginwithvalidcredential" time="42.533" classname="com.zinghr.login.index.LoginIndex"/>
</testsuite> <!-- com.zinghr.login.index.LoginIndex -->
