<?xml version="1.0" encoding="UTF-8"?>
<!-- Generated by org.testng.reporters.JUnitReportReporter -->
<testsuite hostname="KQSPL-R" name="com.zinghr.login.index.LoginIndex" tests="11" failures="0" timestamp="9 Nov 2015 07:27:30 GMT" time="484.255" errors="0">
  <testcase name="blankcomponycode" time="48.659" classname="com.zinghr.login.index.LoginIndex"/>
  <testcase name="invalidcompanycode" time="26.269" classname="com.zinghr.login.index.LoginIndex"/>
  <testcase name="loginwithvalidcredential" time="116.014" classname="com.zinghr.login.index.LoginIndex"/>
  <testcase name="employeecodeeditableornot" time="24.505" classname="com.zinghr.login.index.LoginIndex"/>
  <testcase name="loginlandingpage" time="61.973" classname="com.zinghr.login.index.LoginIndex"/>
  <testcase name="compnycodeeditableornot" time="62.408" classname="com.zinghr.login.index.LoginIndex"/>
  <testcase name="enterdatatopassword" time="23.314" classname="com.zinghr.login.index.LoginIndex"/>
  <testcase name="blankpassword" time="28.700" classname="com.zinghr.login.index.LoginIndex"/>
  <testcase name="invalidemployeecode" time="25.470" classname="com.zinghr.login.index.LoginIndex"/>
  <testcase name="blankemployeecode" time="42.159" classname="com.zinghr.login.index.LoginIndex"/>
  <testcase name="invalidpassword" time="24.784" classname="com.zinghr.login.index.LoginIndex"/>
</testsuite> <!-- com.zinghr.login.index.LoginIndex -->
