<?xml version="1.0" encoding="UTF-8"?>
<!-- Generated by org.testng.reporters.JUnitReportReporter -->
<testsuite hostname="KQSPL-R" name="com.zinghr.login.index.LoginIndex" tests="7" failures="0" timestamp="9 Nov 2015 04:35:47 GMT" time="201.261" errors="0">
  <testcase name="loginlandingpage" time="25.290" classname="com.zinghr.login.index.LoginIndex"/>
  <testcase name="compnycodeeditableornot" time="32.757" classname="com.zinghr.login.index.LoginIndex"/>
  <testcase name="blankemployeecode" time="30.517" classname="com.zinghr.login.index.LoginIndex"/>
  <testcase name="loginwithvalidcredential" time="36.220" classname="com.zinghr.login.index.LoginIndex"/>
  <testcase name="blankcomponycode" time="25.693" classname="com.zinghr.login.index.LoginIndex"/>
  <testcase name="blankpassword" time="29.272" classname="com.zinghr.login.index.LoginIndex"/>
  <testcase name="employeecodeeditableornot" time="21.512" classname="com.zinghr.login.index.LoginIndex"/>
</testsuite> <!-- com.zinghr.login.index.LoginIndex -->
