<?xml version="1.0" encoding="UTF-8"?>
<!-- Generated by org.testng.reporters.JUnitReportReporter -->
<testsuite hostname="KQSPL-R" name="com.zinghr.login.index.LoginIndex" tests="6" failures="0" timestamp="7 Nov 2015 12:50:20 GMT" time="196.931" errors="0">
  <testcase name="blankcomponycode" time="26.570" classname="com.zinghr.login.index.LoginIndex"/>
  <testcase name="blankemployeecode" time="30.544" classname="com.zinghr.login.index.LoginIndex"/>
  <testcase name="employeecodeeditableornot" time="25.932" classname="com.zinghr.login.index.LoginIndex"/>
  <testcase name="loginwithvalidcredential" time="58.289" classname="com.zinghr.login.index.LoginIndex"/>
  <testcase name="compnycodeeditableornot" time="23.834" classname="com.zinghr.login.index.LoginIndex"/>
  <testcase name="loginlandingpage" time="31.762" classname="com.zinghr.login.index.LoginIndex"/>
</testsuite> <!-- com.zinghr.login.index.LoginIndex -->
